0 info it worked if it ends with ok
1 verbose cli [
1 verbose cli   'C:\\Program Files\\nodejs\\node.exe',
1 verbose cli   'C:\\Program Files\\nodejs\\node_modules\\npm\\bin\\npm-cli.js',
1 verbose cli   'run',
1 verbose cli   'start'
1 verbose cli ]
2 info using npm@6.14.11
3 info using node@v14.16.0
4 verbose stack Error: Failed to parse json
4 verbose stack Unexpected token < in JSON at position 463 while parsing near '...-thunk": "^2.3.0",
4 verbose stack <<<<<<< HEAD
4 verbose stack ======...'
4 verbose stack     at parseError (C:\Program Files\nodejs\node_modules\npm\node_modules\read-package-json\read-json.js:470:11)
4 verbose stack     at parseJson (C:\Program Files\nodejs\node_modules\npm\node_modules\read-package-json\read-json.js:105:26)
4 verbose stack     at C:\Program Files\nodejs\node_modules\npm\node_modules\read-package-json\read-json.js:52:5
4 verbose stack     at C:\Program Files\nodejs\node_modules\npm\node_modules\graceful-fs\graceful-fs.js:123:16
4 verbose stack     at FSReqCallback.readFileAfterClose [as oncomplete] (internal/fs/read_file_context.js:63:3)
5 verbose cwd C:\Users\Dominick Wliey\git\P2_Team4\nutriboom
6 verbose Windows_NT 10.0.19042
7 verbose argv "C:\\Program Files\\nodejs\\node.exe" "C:\\Program Files\\nodejs\\node_modules\\npm\\bin\\npm-cli.js" "run" "start"
8 verbose node v14.16.0
9 verbose npm  v6.14.11
10 error code EJSONPARSE
11 error file C:\Users\Dominick Wliey\git\P2_Team4\nutriboom\package.json
12 error Merge conflict detected in your package.json.
12 error
12 error Please resolve the package.json conflict and retry the command:
12 error
12 error $ C:\Program Files\nodejs\node.exe C:\Program Files\nodejs\node_modules\npm\bin\npm-cli.js run start
13 verbose exit [ 1, true ]
